<?xml version="1.0" encoding="UTF-8"?>
<testng-results skipped="0" failed="1" ignored="0" total="8" passed="7">
  <reporter-output>
  </reporter-output>
  <suite name="TelekomWebmail" duration-ms="33343" started-at="2020-09-14T23:37:52Z" finished-at="2020-09-14T23:38:26Z">
    <groups>
    </groups>
    <test name="WebmailTest" duration-ms="33343" started-at="2020-09-14T23:37:52Z" finished-at="2020-09-14T23:38:26Z">
      <class name="com.webmail.testCases.TC_LoginDDT_002">
        <test-method status="PASS" signature="setup(java.lang.String)[pri:0, instance:com.webmail.testCases.TC_LoginDDT_002@7a0ac6e3]" name="setup" is-config="true" duration-ms="3997" started-at="2020-09-14T23:37:58Z" finished-at="2020-09-14T23:38:02Z">
          <params>
            <param index="0">
              <value>
                <![CDATA[chrome]]>
              </value>
            </param>
          </params>
          <reporter-output>
          </reporter-output>
        </test-method> <!-- setup -->
        <test-method status="PASS" signature="loginDDT(java.lang.String, java.lang.String)[pri:0, instance:com.webmail.testCases.TC_LoginDDT_002@7a0ac6e3]" name="loginDDT" duration-ms="500" started-at="2020-09-14T23:38:03Z" data-provider="LoginData" finished-at="2020-09-14T23:38:03Z">
          <params>
            <param index="0">
              <value>
                <![CDATA[David]]>
              </value>
            </param>
            <param index="1">
              <value>
                <![CDATA[david]]>
              </value>
            </param>
          </params>
          <reporter-output>
          </reporter-output>
        </test-method> <!-- loginDDT -->
        <test-method status="PASS" signature="loginDDT(java.lang.String, java.lang.String)[pri:0, instance:com.webmail.testCases.TC_LoginDDT_002@7a0ac6e3]" name="loginDDT" duration-ms="580" started-at="2020-09-14T23:38:03Z" data-provider="LoginData" finished-at="2020-09-14T23:38:04Z">
          <params>
            <param index="0">
              <value>
                <![CDATA[Dragana]]>
              </value>
            </param>
            <param index="1">
              <value>
                <![CDATA[dragica]]>
              </value>
            </param>
          </params>
          <reporter-output>
          </reporter-output>
        </test-method> <!-- loginDDT -->
        <test-method status="PASS" signature="loginDDT(java.lang.String, java.lang.String)[pri:0, instance:com.webmail.testCases.TC_LoginDDT_002@7a0ac6e3]" name="loginDDT" duration-ms="470" started-at="2020-09-14T23:38:04Z" data-provider="LoginData" finished-at="2020-09-14T23:38:04Z">
          <params>
            <param index="0">
              <value>
                <![CDATA[David]]>
              </value>
            </param>
            <param index="1">
              <value>
                <![CDATA[]]>
              </value>
            </param>
          </params>
          <reporter-output>
          </reporter-output>
        </test-method> <!-- loginDDT -->
        <test-method status="PASS" signature="loginDDT(java.lang.String, java.lang.String)[pri:0, instance:com.webmail.testCases.TC_LoginDDT_002@7a0ac6e3]" name="loginDDT" duration-ms="492" started-at="2020-09-14T23:38:04Z" data-provider="LoginData" finished-at="2020-09-14T23:38:05Z">
          <params>
            <param index="0">
              <value>
                <![CDATA[]]>
              </value>
            </param>
            <param index="1">
              <value>
                <![CDATA[david]]>
              </value>
            </param>
          </params>
          <reporter-output>
          </reporter-output>
        </test-method> <!-- loginDDT -->
        <test-method status="PASS" signature="loginDDT(java.lang.String, java.lang.String)[pri:0, instance:com.webmail.testCases.TC_LoginDDT_002@7a0ac6e3]" name="loginDDT" duration-ms="524" started-at="2020-09-14T23:38:05Z" data-provider="LoginData" finished-at="2020-09-14T23:38:05Z">
          <params>
            <param index="0">
              <value>
                <![CDATA[]]>
              </value>
            </param>
            <param index="1">
              <value>
                <![CDATA[]]>
              </value>
            </param>
          </params>
          <reporter-output>
          </reporter-output>
        </test-method> <!-- loginDDT -->
        <test-method status="PASS" signature="tearDown()[pri:0, instance:com.webmail.testCases.TC_LoginDDT_002@7a0ac6e3]" name="tearDown" is-config="true" duration-ms="575" started-at="2020-09-14T23:38:05Z" finished-at="2020-09-14T23:38:06Z">
          <reporter-output>
          </reporter-output>
        </test-method> <!-- tearDown -->
      </class> <!-- com.webmail.testCases.TC_LoginDDT_002 -->
      <class name="com.webmail.testCases.TC_LinkoviTest_003">
        <test-method status="PASS" signature="setup(java.lang.String)[pri:0, instance:com.webmail.testCases.TC_LinkoviTest_003@71be98f5]" name="setup" is-config="true" duration-ms="3978" started-at="2020-09-14T23:38:06Z" finished-at="2020-09-14T23:38:10Z">
          <params>
            <param index="0">
              <value>
                <![CDATA[chrome]]>
              </value>
            </param>
          </params>
          <reporter-output>
          </reporter-output>
        </test-method> <!-- setup -->
        <test-method status="PASS" signature="linkoviTest()[pri:0, instance:com.webmail.testCases.TC_LinkoviTest_003@71be98f5]" name="linkoviTest" duration-ms="7432" started-at="2020-09-14T23:38:10Z" finished-at="2020-09-14T23:38:17Z">
          <reporter-output>
          </reporter-output>
        </test-method> <!-- linkoviTest -->
        <test-method status="PASS" signature="tearDown()[pri:0, instance:com.webmail.testCases.TC_LinkoviTest_003@71be98f5]" name="tearDown" is-config="true" duration-ms="599" started-at="2020-09-14T23:38:17Z" finished-at="2020-09-14T23:38:18Z">
          <reporter-output>
          </reporter-output>
        </test-method> <!-- tearDown -->
      </class> <!-- com.webmail.testCases.TC_LinkoviTest_003 -->
      <class name="com.webmail.testCases.TC_KreirajEadresa_004">
        <test-method status="PASS" signature="setup(java.lang.String)[pri:0, instance:com.webmail.testCases.TC_KreirajEadresa_004@6fadae5d]" name="setup" is-config="true" duration-ms="4084" started-at="2020-09-14T23:38:18Z" finished-at="2020-09-14T23:38:22Z">
          <params>
            <param index="0">
              <value>
                <![CDATA[chrome]]>
              </value>
            </param>
          </params>
          <reporter-output>
          </reporter-output>
        </test-method> <!-- setup -->
        <test-method status="FAIL" signature="KreirajEsmetka()[pri:0, instance:com.webmail.testCases.TC_KreirajEadresa_004@6fadae5d]" name="KreirajEsmetka" duration-ms="3023" started-at="2020-09-14T23:38:22Z" finished-at="2020-09-14T23:38:25Z">
          <exception class="java.lang.AssertionError">
            <message>
              <![CDATA[expected [true] but found [false]]]>
            </message>
            <full-stacktrace>
              <![CDATA[java.lang.AssertionError: expected [true] but found [false]
at org.testng.Assert.fail(Assert.java:96)
at org.testng.Assert.failNotEquals(Assert.java:776)
at org.testng.Assert.assertTrue(Assert.java:44)
at org.testng.Assert.assertTrue(Assert.java:54)
at com.webmail.testCases.TC_KreirajEadresa_004.KreirajEsmetka(TC_KreirajEadresa_004.java:70)
at sun.reflect.NativeMethodAccessorImpl.invoke0(Native Method)
at sun.reflect.NativeMethodAccessorImpl.invoke(NativeMethodAccessorImpl.java:62)
at sun.reflect.DelegatingMethodAccessorImpl.invoke(DelegatingMethodAccessorImpl.java:43)
at java.lang.reflect.Method.invoke(Method.java:498)
at org.testng.internal.MethodInvocationHelper.invokeMethod(MethodInvocationHelper.java:124)
at org.testng.internal.Invoker.invokeMethod(Invoker.java:583)
at org.testng.internal.Invoker.invokeTestMethod(Invoker.java:719)
at org.testng.internal.Invoker.invokeTestMethods(Invoker.java:989)
at org.testng.internal.TestMethodWorker.invokeTestMethods(TestMethodWorker.java:125)
at org.testng.internal.TestMethodWorker.run(TestMethodWorker.java:109)
at org.testng.TestRunner.privateRun(TestRunner.java:648)
at org.testng.TestRunner.run(TestRunner.java:505)
at org.testng.SuiteRunner.runTest(SuiteRunner.java:455)
at org.testng.SuiteRunner.runSequentially(SuiteRunner.java:450)
at org.testng.SuiteRunner.privateRun(SuiteRunner.java:415)
at org.testng.SuiteRunner.run(SuiteRunner.java:364)
at org.testng.SuiteRunnerWorker.runSuite(SuiteRunnerWorker.java:52)
at org.testng.SuiteRunnerWorker.run(SuiteRunnerWorker.java:84)
at org.testng.TestNG.runSuitesSequentially(TestNG.java:1208)
at org.testng.TestNG.runSuitesLocally(TestNG.java:1137)
at org.testng.TestNG.runSuites(TestNG.java:1049)
at org.testng.TestNG.run(TestNG.java:1017)
at org.apache.maven.surefire.testng.TestNGExecutor.run(TestNGExecutor.java:295)
at org.apache.maven.surefire.testng.TestNGXmlTestSuite.execute(TestNGXmlTestSuite.java:84)
at org.apache.maven.surefire.testng.TestNGProvider.invoke(TestNGProvider.java:90)
at org.apache.maven.surefire.booter.ForkedBooter.invokeProviderInSameClassLoader(ForkedBooter.java:203)
at org.apache.maven.surefire.booter.ForkedBooter.runSuitesInProcess(ForkedBooter.java:155)
at org.apache.maven.surefire.booter.ForkedBooter.main(ForkedBooter.java:103)
]]>
            </full-stacktrace>
          </exception> <!-- java.lang.AssertionError -->
          <reporter-output>
          </reporter-output>
        </test-method> <!-- KreirajEsmetka -->
        <test-method status="PASS" signature="tearDown()[pri:0, instance:com.webmail.testCases.TC_KreirajEadresa_004@6fadae5d]" name="tearDown" is-config="true" duration-ms="602" started-at="2020-09-14T23:38:25Z" finished-at="2020-09-14T23:38:26Z">
          <reporter-output>
          </reporter-output>
        </test-method> <!-- tearDown -->
      </class> <!-- com.webmail.testCases.TC_KreirajEadresa_004 -->
      <class name="com.webmail.testCases.TC_LoginTest_001">
        <test-method status="PASS" signature="setup(java.lang.String)[pri:0, instance:com.webmail.testCases.TC_LoginTest_001@59a6e353]" name="setup" is-config="true" duration-ms="4651" started-at="2020-09-14T23:37:53Z" finished-at="2020-09-14T23:37:57Z">
          <params>
            <param index="0">
              <value>
                <![CDATA[chrome]]>
              </value>
            </param>
          </params>
          <reporter-output>
          </reporter-output>
        </test-method> <!-- setup -->
        <test-method status="PASS" signature="loginTest()[pri:0, instance:com.webmail.testCases.TC_LoginTest_001@59a6e353]" name="loginTest" duration-ms="693" started-at="2020-09-14T23:37:57Z" finished-at="2020-09-14T23:37:58Z">
          <reporter-output>
          </reporter-output>
        </test-method> <!-- loginTest -->
        <test-method status="PASS" signature="tearDown()[pri:0, instance:com.webmail.testCases.TC_LoginTest_001@59a6e353]" name="tearDown" is-config="true" duration-ms="578" started-at="2020-09-14T23:37:58Z" finished-at="2020-09-14T23:37:58Z">
          <reporter-output>
          </reporter-output>
        </test-method> <!-- tearDown -->
      </class> <!-- com.webmail.testCases.TC_LoginTest_001 -->
    </test> <!-- WebmailTest -->
  </suite> <!-- TelekomWebmail -->
</testng-results>
