<?xml version="1.0" encoding="UTF-8"?>
<testng-results skipped="0" failed="1" ignored="0" total="8" passed="7">
  <reporter-output>
  </reporter-output>
  <suite name="TelekomWebmail" duration-ms="34274" started-at="2020-09-14T23:50:58Z" finished-at="2020-09-14T23:51:32Z">
    <groups>
    </groups>
    <test name="WebmailTest" duration-ms="34274" started-at="2020-09-14T23:50:58Z" finished-at="2020-09-14T23:51:32Z">
      <class name="com.webmail.testCases.TC_LoginDDT_002">
        <test-method status="PASS" signature="setup(java.lang.String)[pri:0, instance:com.webmail.testCases.TC_LoginDDT_002@f6c48ac]" name="setup" is-config="true" duration-ms="4076" started-at="2020-09-14T23:51:04Z" finished-at="2020-09-14T23:51:08Z">
          <params>
            <param index="0">
              <value>
                <![CDATA[chrome]]>
              </value>
            </param>
          </params>
          <reporter-output>
          </reporter-output>
        </test-method> <!-- setup -->
        <test-method status="PASS" signature="loginDDT(java.lang.String, java.lang.String)[pri:0, instance:com.webmail.testCases.TC_LoginDDT_002@f6c48ac]" name="loginDDT" duration-ms="524" started-at="2020-09-14T23:51:09Z" data-provider="LoginData" finished-at="2020-09-14T23:51:09Z">
          <params>
            <param index="0">
              <value>
                <![CDATA[David]]>
              </value>
            </param>
            <param index="1">
              <value>
                <![CDATA[david]]>
              </value>
            </param>
          </params>
          <reporter-output>
          </reporter-output>
        </test-method> <!-- loginDDT -->
        <test-method status="PASS" signature="loginDDT(java.lang.String, java.lang.String)[pri:0, instance:com.webmail.testCases.TC_LoginDDT_002@f6c48ac]" name="loginDDT" duration-ms="569" started-at="2020-09-14T23:51:09Z" data-provider="LoginData" finished-at="2020-09-14T23:51:10Z">
          <params>
            <param index="0">
              <value>
                <![CDATA[Dragana]]>
              </value>
            </param>
            <param index="1">
              <value>
                <![CDATA[dragica]]>
              </value>
            </param>
          </params>
          <reporter-output>
          </reporter-output>
        </test-method> <!-- loginDDT -->
        <test-method status="PASS" signature="loginDDT(java.lang.String, java.lang.String)[pri:0, instance:com.webmail.testCases.TC_LoginDDT_002@f6c48ac]" name="loginDDT" duration-ms="525" started-at="2020-09-14T23:51:10Z" data-provider="LoginData" finished-at="2020-09-14T23:51:10Z">
          <params>
            <param index="0">
              <value>
                <![CDATA[David]]>
              </value>
            </param>
            <param index="1">
              <value>
                <![CDATA[]]>
              </value>
            </param>
          </params>
          <reporter-output>
          </reporter-output>
        </test-method> <!-- loginDDT -->
        <test-method status="PASS" signature="loginDDT(java.lang.String, java.lang.String)[pri:0, instance:com.webmail.testCases.TC_LoginDDT_002@f6c48ac]" name="loginDDT" duration-ms="553" started-at="2020-09-14T23:51:10Z" data-provider="LoginData" finished-at="2020-09-14T23:51:11Z">
          <params>
            <param index="0">
              <value>
                <![CDATA[]]>
              </value>
            </param>
            <param index="1">
              <value>
                <![CDATA[david]]>
              </value>
            </param>
          </params>
          <reporter-output>
          </reporter-output>
        </test-method> <!-- loginDDT -->
        <test-method status="PASS" signature="loginDDT(java.lang.String, java.lang.String)[pri:0, instance:com.webmail.testCases.TC_LoginDDT_002@f6c48ac]" name="loginDDT" duration-ms="523" started-at="2020-09-14T23:51:11Z" data-provider="LoginData" finished-at="2020-09-14T23:51:12Z">
          <params>
            <param index="0">
              <value>
                <![CDATA[]]>
              </value>
            </param>
            <param index="1">
              <value>
                <![CDATA[]]>
              </value>
            </param>
          </params>
          <reporter-output>
          </reporter-output>
        </test-method> <!-- loginDDT -->
        <test-method status="PASS" signature="tearDown()[pri:0, instance:com.webmail.testCases.TC_LoginDDT_002@f6c48ac]" name="tearDown" is-config="true" duration-ms="657" started-at="2020-09-14T23:51:12Z" finished-at="2020-09-14T23:51:12Z">
          <reporter-output>
          </reporter-output>
        </test-method> <!-- tearDown -->
      </class> <!-- com.webmail.testCases.TC_LoginDDT_002 -->
      <class name="com.webmail.testCases.TC_LinkoviTest_003">
        <test-method status="PASS" signature="setup(java.lang.String)[pri:0, instance:com.webmail.testCases.TC_LinkoviTest_003@13deb50e]" name="setup" is-config="true" duration-ms="4124" started-at="2020-09-14T23:51:12Z" finished-at="2020-09-14T23:51:16Z">
          <params>
            <param index="0">
              <value>
                <![CDATA[chrome]]>
              </value>
            </param>
          </params>
          <reporter-output>
          </reporter-output>
        </test-method> <!-- setup -->
        <test-method status="PASS" signature="linkoviTest()[pri:0, instance:com.webmail.testCases.TC_LinkoviTest_003@13deb50e]" name="linkoviTest" duration-ms="7246" started-at="2020-09-14T23:51:16Z" finished-at="2020-09-14T23:51:24Z">
          <reporter-output>
          </reporter-output>
        </test-method> <!-- linkoviTest -->
        <test-method status="PASS" signature="tearDown()[pri:0, instance:com.webmail.testCases.TC_LinkoviTest_003@13deb50e]" name="tearDown" is-config="true" duration-ms="684" started-at="2020-09-14T23:51:24Z" finished-at="2020-09-14T23:51:24Z">
          <reporter-output>
          </reporter-output>
        </test-method> <!-- tearDown -->
      </class> <!-- com.webmail.testCases.TC_LinkoviTest_003 -->
      <class name="com.webmail.testCases.TC_KreirajEadresa_004">
        <test-method status="PASS" signature="setup(java.lang.String)[pri:0, instance:com.webmail.testCases.TC_KreirajEadresa_004@239963d8]" name="setup" is-config="true" duration-ms="4117" started-at="2020-09-14T23:51:24Z" finished-at="2020-09-14T23:51:28Z">
          <params>
            <param index="0">
              <value>
                <![CDATA[chrome]]>
              </value>
            </param>
          </params>
          <reporter-output>
          </reporter-output>
        </test-method> <!-- setup -->
        <test-method status="FAIL" signature="KreirajEsmetka()[pri:0, instance:com.webmail.testCases.TC_KreirajEadresa_004@239963d8]" name="KreirajEsmetka" duration-ms="3252" started-at="2020-09-14T23:51:28Z" finished-at="2020-09-14T23:51:32Z">
          <exception class="java.lang.AssertionError">
            <message>
              <![CDATA[expected [true] but found [false]]]>
            </message>
            <full-stacktrace>
              <![CDATA[java.lang.AssertionError: expected [true] but found [false]
at org.testng.Assert.fail(Assert.java:96)
at org.testng.Assert.failNotEquals(Assert.java:776)
at org.testng.Assert.assertTrue(Assert.java:44)
at org.testng.Assert.assertTrue(Assert.java:54)
at com.webmail.testCases.TC_KreirajEadresa_004.KreirajEsmetka(TC_KreirajEadresa_004.java:70)
at sun.reflect.NativeMethodAccessorImpl.invoke0(Native Method)
at sun.reflect.NativeMethodAccessorImpl.invoke(Unknown Source)
at sun.reflect.DelegatingMethodAccessorImpl.invoke(Unknown Source)
at java.lang.reflect.Method.invoke(Unknown Source)
at org.testng.internal.MethodInvocationHelper.invokeMethod(MethodInvocationHelper.java:124)
at org.testng.internal.Invoker.invokeMethod(Invoker.java:583)
at org.testng.internal.Invoker.invokeTestMethod(Invoker.java:719)
at org.testng.internal.Invoker.invokeTestMethods(Invoker.java:989)
at org.testng.internal.TestMethodWorker.invokeTestMethods(TestMethodWorker.java:125)
at org.testng.internal.TestMethodWorker.run(TestMethodWorker.java:109)
at org.testng.TestRunner.privateRun(TestRunner.java:648)
at org.testng.TestRunner.run(TestRunner.java:505)
at org.testng.SuiteRunner.runTest(SuiteRunner.java:455)
at org.testng.SuiteRunner.runSequentially(SuiteRunner.java:450)
at org.testng.SuiteRunner.privateRun(SuiteRunner.java:415)
at org.testng.SuiteRunner.run(SuiteRunner.java:364)
at org.testng.SuiteRunnerWorker.runSuite(SuiteRunnerWorker.java:52)
at org.testng.SuiteRunnerWorker.run(SuiteRunnerWorker.java:84)
at org.testng.TestNG.runSuitesSequentially(TestNG.java:1208)
at org.testng.TestNG.runSuitesLocally(TestNG.java:1137)
at org.testng.TestNG.runSuites(TestNG.java:1049)
at org.testng.TestNG.run(TestNG.java:1017)
at org.testng.remote.AbstractRemoteTestNG.run(AbstractRemoteTestNG.java:115)
at org.testng.remote.RemoteTestNG.initAndRun(RemoteTestNG.java:251)
at org.testng.remote.RemoteTestNG.main(RemoteTestNG.java:77)
]]>
            </full-stacktrace>
          </exception> <!-- java.lang.AssertionError -->
          <reporter-output>
          </reporter-output>
        </test-method> <!-- KreirajEsmetka -->
        <test-method status="PASS" signature="tearDown()[pri:0, instance:com.webmail.testCases.TC_KreirajEadresa_004@239963d8]" name="tearDown" is-config="true" duration-ms="648" started-at="2020-09-14T23:51:32Z" finished-at="2020-09-14T23:51:32Z">
          <reporter-output>
          </reporter-output>
        </test-method> <!-- tearDown -->
      </class> <!-- com.webmail.testCases.TC_KreirajEadresa_004 -->
      <class name="com.webmail.testCases.TC_LoginTest_001">
        <test-method status="PASS" signature="setup(java.lang.String)[pri:0, instance:com.webmail.testCases.TC_LoginTest_001@464bee09]" name="setup" is-config="true" duration-ms="4749" started-at="2020-09-14T23:50:58Z" finished-at="2020-09-14T23:51:03Z">
          <params>
            <param index="0">
              <value>
                <![CDATA[chrome]]>
              </value>
            </param>
          </params>
          <reporter-output>
          </reporter-output>
        </test-method> <!-- setup -->
        <test-method status="PASS" signature="loginTest()[pri:0, instance:com.webmail.testCases.TC_LoginTest_001@464bee09]" name="loginTest" duration-ms="755" started-at="2020-09-14T23:51:03Z" finished-at="2020-09-14T23:51:04Z">
          <reporter-output>
          </reporter-output>
        </test-method> <!-- loginTest -->
        <test-method status="PASS" signature="tearDown()[pri:0, instance:com.webmail.testCases.TC_LoginTest_001@464bee09]" name="tearDown" is-config="true" duration-ms="649" started-at="2020-09-14T23:51:04Z" finished-at="2020-09-14T23:51:04Z">
          <reporter-output>
          </reporter-output>
        </test-method> <!-- tearDown -->
      </class> <!-- com.webmail.testCases.TC_LoginTest_001 -->
    </test> <!-- WebmailTest -->
  </suite> <!-- TelekomWebmail -->
</testng-results>
